<?xml version="1.0" encoding="UTF-8"?>
<!-- Generated by org.testng.reporters.JUnitXMLReporter -->
<testsuite ignored="1" hostname="DESKTOP-EP81H27" failures="1" tests="1" name="Test" time="24.806" errors="0" timestamp="2025-05-21T21:14:11 IST">
  <testcase classname="InventoryTests.AddProductToCartTest" name="tc_01_AddProductToCartTest" time="3.208">
    <failure type="java.lang.AssertionError" message="expected [Sauce Labs Fleece Jacket] but found [Sauce Labs Backpack]">
      <![CDATA[java.lang.AssertionError: expected [Sauce Labs Fleece Jacket] but found [Sauce Labs Backpack]
at InventoryTests.AddProductToCartTest.tc_01_AddProductToCartTest(AddProductToCartTest.java:48)
at java.base/java.util.ArrayList.forEach(ArrayList.java:1596)
... Removed 31 stack frames]]>
    </failure>
  </testcase> <!-- tc_01_AddProductToCartTest -->
  <testcase classname="InventoryTests.AddProductToCartTest" name="sample" time="0.0">
    <ignored/>
  </testcase> <!-- sample -->
</testsuite> <!-- Test -->
