<?xml version="1.0" encoding="UTF-8"?>
<!-- Generated by org.testng.reporters.JUnitXMLReporter -->
<testsuite ignored="1" hostname="DESKTOP-EP81H27" failures="0" tests="1" name="Test" time="22.49" errors="0" timestamp="2025-05-21T17:06:37 IST">
  <testcase classname="InventoryTests.AddProductToCartTest" name="tc_01_AddProductToCartTest" time="3.341"/>
  <testcase classname="InventoryTests.AddProductToCartTest" name="sample" time="0.0">
    <ignored/>
  </testcase> <!-- sample -->
</testsuite> <!-- Test -->
